<?xml version="1.0" encoding="UTF-8"?>
<!-- Generated by org.testng.reporters.JUnitXMLReporter -->
<testsuite ignored="2" hostname="SWEETY" failures="1" tests="29" name="Automation_Practicals" time="12.61" errors="0" timestamp="2025-10-14T13:18:17 IST">
  <testcase classname="TESTNG.TESTNG_10_Annotation_child" name="test3" time="0.003"/>
  <testcase classname="TESTNG.TESTNG_10_Annotation_child" name="test4" time="0.001"/>
  <testcase classname="TESTNG.TESTNG_11_DataProvider" name="test" time="0.004"/>
  <testcase classname="TESTNG.TESTNG_11_DataProvider" name="test" time="0.001"/>
  <testcase classname="TESTNG.TESTNG_11_DataProvider" name="test" time="0.001"/>
  <testcase classname="TESTNG.TESTNG_11_DataProvider" name="test" time="0.0"/>
  <testcase classname="TESTNG.TESTNG_11_a_DataProvider" name="test1" time="0.005"/>
  <testcase classname="TESTNG.TESTNG_11_a_DataProvider" name="test1" time="0.001"/>
  <testcase classname="TESTNG.TESTNG_11_a_DataProvider" name="test1" time="0.002"/>
  <testcase classname="TESTNG.TESTNG_11_a_DataProvider" name="test1" time="0.002"/>
  <testcase classname="TESTNG.TESTNG_18_Report" name="reporttest1" time="0.001"/>
  <testcase classname="TESTNG.TESTNG_18_Report" name="reporttest2" time="0.001"/>
  <testcase classname="TESTNG.TESTNG_18_Report" name="reporttest3" time="0.001"/>
  <testcase classname="TESTNG.TESTNG_18_Report" name="reporttest4" time="0.002"/>
  <testcase classname="TESTNG.TESTNG_1_BrowserSelect" name="test" time="1.954"/>
  <testcase classname="TESTNG.TESTNG_2_Login" name="loginTest" time="0.001"/>
  <testcase classname="TESTNG.TESTNG_2_Login" name="logout" time="0.0"/>
  <testcase classname="TESTNG.TESTNG_3_Annotation" name="test1" time="0.001"/>
  <testcase classname="TESTNG.TESTNG_3_Annotation" name="test2" time="0.001"/>
  <testcase classname="TESTNG.TESTNG_3_Annotation" name="test3" time="0.001"/>
  <testcase classname="TESTNG.TESTNG_3_Annotation" name="test4" time="0.0"/>
  <testcase classname="TESTNG.TESTNG_4_Assertion" name="gettitle" time="4.108"/>
  <testcase classname="TESTNG.TESTNG_4_Assertion" name="titleTest" time="3.701">
    <failure type="org.openqa.selenium.NoSuchWindowException" message="no such window: target window already closed
from unknown error: web view not found
  (Session info: chrome=141.0.7390.77)
Build info: version: &amp;apos;4.25.0&amp;apos;, revision: &amp;apos;8a8aea2337&amp;apos;
System info: os.name: &amp;apos;Windows 11&amp;apos;, os.arch: &amp;apos;amd64&amp;apos;, os.version: &amp;apos;10.0&amp;apos;, java.version: &amp;apos;24.0.2&amp;apos;
Driver info: org.openqa.selenium.chrome.ChromeDriver
Command: [bd8b44d8f724bd76c3c3f4a4c6d45afc, getTitle {}]
Capabilities {acceptInsecureCerts: false, browserName: chrome, browserVersion: 141.0.7390.77, chrome: {chromedriverVersion: 141.0.7390.76 (d6fcfbb51aac..., userDataDir: C:\Users\sujit\AppData\Loca...}, fedcm:accounts: true, goog:chromeOptions: {debuggerAddress: localhost:60312}, networkConnectionEnabled: false, pageLoadStrategy: normal, platformName: windows, proxy: Proxy(), se:cdp: ws://localhost:60312/devtoo..., se:cdpVersion: 141.0.7390.77, setWindowRect: true, strictFileInteractability: false, timeouts: {implicit: 0, pageLoad: 300000, script: 30000}, unhandledPromptBehavior: dismiss and notify, webauthn:extension:credBlob: true, webauthn:extension:largeBlob: true, webauthn:extension:minPinLength: true, webauthn:extension:prf: true, webauthn:virtualAuthenticators: true}
Session ID: bd8b44d8f724bd76c3c3f4a4c6d45afc">
      <![CDATA[org.openqa.selenium.NoSuchWindowException: no such window: target window already closed
from unknown error: web view not found
  (Session info: chrome=141.0.7390.77)
Build info: version: '4.25.0', revision: '8a8aea2337'
System info: os.name: 'Windows 11', os.arch: 'amd64', os.version: '10.0', java.version: '24.0.2'
Driver info: org.openqa.selenium.chrome.ChromeDriver
Command: [bd8b44d8f724bd76c3c3f4a4c6d45afc, getTitle {}]
Capabilities {acceptInsecureCerts: false, browserName: chrome, browserVersion: 141.0.7390.77, chrome: {chromedriverVersion: 141.0.7390.76 (d6fcfbb51aac..., userDataDir: C:\Users\sujit\AppData\Loca...}, fedcm:accounts: true, goog:chromeOptions: {debuggerAddress: localhost:60312}, networkConnectionEnabled: false, pageLoadStrategy: normal, platformName: windows, proxy: Proxy(), se:cdp: ws://localhost:60312/devtoo..., se:cdpVersion: 141.0.7390.77, setWindowRect: true, strictFileInteractability: false, timeouts: {implicit: 0, pageLoad: 300000, script: 30000}, unhandledPromptBehavior: dismiss and notify, webauthn:extension:credBlob: true, webauthn:extension:largeBlob: true, webauthn:extension:minPinLength: true, webauthn:extension:prf: true, webauthn:virtualAuthenticators: true}
Session ID: bd8b44d8f724bd76c3c3f4a4c6d45afc
at org.openqa.selenium.remote.ErrorCodec.decode(ErrorCodec.java:167)
at org.openqa.selenium.remote.codec.w3c.W3CHttpResponseCodec.decode(W3CHttpResponseCodec.java:138)
at org.openqa.selenium.remote.codec.w3c.W3CHttpResponseCodec.decode(W3CHttpResponseCodec.java:50)
at org.openqa.selenium.remote.HttpCommandExecutor.execute(HttpCommandExecutor.java:190)
at org.openqa.selenium.remote.service.DriverCommandExecutor.invokeExecute(DriverCommandExecutor.java:216)
at org.openqa.selenium.remote.service.DriverCommandExecutor.execute(DriverCommandExecutor.java:174)
at org.openqa.selenium.remote.RemoteWebDriver.execute(RemoteWebDriver.java:545)
at org.openqa.selenium.remote.RemoteWebDriver.execute(RemoteWebDriver.java:618)
at org.openqa.selenium.remote.RemoteWebDriver.execute(RemoteWebDriver.java:622)
at org.openqa.selenium.remote.RemoteWebDriver.getTitle(RemoteWebDriver.java:318)
at TESTNG.TESTNG_4_Assertion.titleTest(TESTNG_4_Assertion.java:27)
at java.base/java.util.ArrayList.forEach(ArrayList.java:1604)
at com.intellij.rt.testng.IDEARemoteTestNG.run(IDEARemoteTestNG.java:65)
at com.intellij.rt.testng.RemoteTestNGStarter.main(RemoteTestNGStarter.java:105)
... Removed 25 stack frames]]>
    </failure>
  </testcase> <!-- titleTest -->
  <testcase classname="TESTNG.TESTNG_6_GroupTestCases" name="browser" time="0.005"/>
  <testcase classname="TESTNG.TESTNG_6_GroupTestCases" name="signup" time="0.0"/>
  <testcase classname="TESTNG.TESTNG_6_GroupTestCases" name="login" time="0.002"/>
  <testcase classname="TESTNG.TESTNG_6_GroupTestCases" name="logout" time="0.0"/>
  <testcase classname="TESTNG.TESTNG_9_Annotations" name="test3" time="0.0"/>
  <testcase classname="TESTNG.TESTNG_9_Annotations" name="test4" time="0.002"/>
  <testcase classname="TESTNG.TESTNG_10_Annotation" name="@BeforeSuite datasetup" time="0.0">
    <ignored/>
  </testcase> <!-- @BeforeSuite datasetup -->
  <testcase classname="TESTNG.TESTNG_10_Annotation" name="@AfterSuite datateardown" time="0.0">
    <ignored/>
  </testcase> <!-- @AfterSuite datateardown -->
</testsuite> <!-- Automation_Practicals -->
