<html>
<head>
<title>TestNG:  Automation_Practicals</title>
<link href="../testng.css" rel="stylesheet" type="text/css" />
<link href="../my-testng.css" rel="stylesheet" type="text/css" />

<style type="text/css">
.log { display: none;} 
.stack-trace { display: none;} 
</style>
<script type="text/javascript">
<!--
function flip(e) {
  current = e.style.display;
  if (current == 'block') {
    e.style.display = 'none';
    return 0;
  }
  else {
    e.style.display = 'block';
    return 1;
  }
}

function toggleBox(szDivId, elem, msg1, msg2)
{
  var res = -1;  if (document.getElementById) {
    res = flip(document.getElementById(szDivId));
  }
  else if (document.all) {
    // this is the way old msie versions work
    res = flip(document.all[szDivId]);
  }
  if(elem) {
    if(res == 0) elem.innerHTML = msg1; else elem.innerHTML = msg2;
  }

}

function toggleAllBoxes() {
  if (document.getElementsByTagName) {
    d = document.getElementsByTagName('div');
    for (i = 0; i < d.length; i++) {
      if (d[i].className == 'log') {
        flip(d[i]);
      }
    }
  }
}

// -->
</script>

</head>
<body>
<h2 align='center'>Automation_Practicals</h2><table border='1' align="center">
<tr>
<td>Tests passed/Failed/Skipped:</td><td>28/1/0</td>
</tr><tr>
<td>Started on:</td><td>Tue Oct 14 13:18:04 IST 2025</td>
</tr>
<tr><td>Total time:</td><td>12 seconds (12610 ms)</td>
</tr><tr>
<td>Included groups:</td><td></td>
</tr><tr>
<td>Excluded groups:</td><td></td>
</tr>
</table><p/>
<small><i>(Hover the method name to see the test class name)</i></small><p/>
<table width='100%' border='1' class='invocation-failed'>
<tr><td colspan='4' align='center'><b>FAILED TESTS</b></td></tr>
<tr><td><b>Test method</b></td>
<td><b>Attribute(s)</b></td>
<td width="30%"><b>Exception</b></td>
<td width="10%"><b>Time (seconds)</b></td>
<td><b>Instance</b></td>
</tr>
<tr>
<td title='TESTNG.TESTNG_4_Assertion.titleTest()'><b>titleTest</b><br>Test class: TESTNG.TESTNG_4_Assertion</td>
<td><div><pre>org.openqa.selenium.NoSuchWindowException: no such window: target window already closed
from unknown error: web view not found
  (Session info: chrome=141.0.7390.77)
Build info: version: &apos;4.25.0&apos;, revision: &apos;8a8aea2337&apos;
System info: os.name: &apos;Windows 11&apos;, os.arch: &apos;amd64&apos;, os.version: &apos;10.0&apos;, java.version: &apos;24.0.2&apos;
Driver info: org.openqa.selenium.chrome.ChromeDriver
Command: [bd8b44d8f724bd76c3c3f4a4c6d45afc, getTitle {}]
Capabilities {acceptInsecureCerts: false, browserName: chrome, browserVersion: 141.0.7390.77, chrome: {chromedriverVersion: 141.0.7390.76 (d6fcfbb51aac..., userDataDir: C:\Users\sujit\AppData\Loca...}, fedcm:accounts: true, goog:chromeOptions: {debuggerAddress: localhost:60312}, networkConnectionEnabled: false, pageLoadStrategy: normal, platformName: windows, proxy: Proxy(), se:cdp: ws://localhost:60312/devtoo..., se:cdpVersion: 141.0.7390.77, setWindowRect: true, strictFileInteractability: false, timeouts: {implicit: 0, pageLoad: 300000, script: 30000}, unhandledPromptBehavior: dismiss and notify, webauthn:extension:credBlob: true, webauthn:extension:largeBlob: true, webauthn:extension:minPinLength: true, webauthn:extension:prf: true, webauthn:virtualAuthenticators: true}
Session ID: bd8b44d8f724bd76c3c3f4a4c6d45afc
	at org.openqa.selenium.remote.ErrorCodec.decode(ErrorCodec.java:167)
	at org.openqa.selenium.remote.codec.w3c.W3CHttpResponseCodec.decode(W3CHttpResponseCodec.java:138)
	at org.openqa.selenium.remote.codec.w3c.W3CHttpResponseCodec.decode(W3CHttpResponseCodec.java:50)
	at org.openqa.selenium.remote.HttpCommandExecutor.execute(HttpCommandExecutor.java:190)
	at org.openqa.selenium.remote.service.DriverCommandExecutor.invokeExecute(DriverCommandExecutor.java:216)
	at org.openqa.selenium.remote.service.DriverCommandExecutor.execute(DriverCommandExecutor.java:174)
	at org.openqa.selenium.remote.RemoteWebDriver.execute(RemoteWebDriver.java:545)
	at org.openqa.selenium.remote.RemoteWebDriver.execute(RemoteWebDriver.java:618)
	at org.openqa.selenium.remote.RemoteWebDriver.execute(RemoteWebDriver.java:622)
	at org.openqa.selenium.remote.RemoteWebDriver.getTitle(RemoteWebDriver.java:318)
	at TESTNG.TESTNG_4_Assertion.titleTest(TESTNG_4_Assertion.java:27)
	at java.base/java.util.ArrayList.forEach(ArrayList.java:1604)
	at com.intellij.rt.testng.IDEARemoteTestNG.run(IDEARemoteTestNG.java:65)
	at com.intellij.rt.testng.RemoteTestNGStarter.main(RemoteTestNGStarter.java:105)
... Removed 25 stack frames</pre></div><a href='#' onClick='toggleBox("stack-trace562345204", this, "Click to show all stack frames", "Click to hide stack frames")'>Click to show all stack frames</a>
<div class='stack-trace' id='stack-trace562345204'><pre>org.openqa.selenium.NoSuchWindowException: no such window: target window already closed
from unknown error: web view not found
  (Session info: chrome=141.0.7390.77)
Build info: version: &apos;4.25.0&apos;, revision: &apos;8a8aea2337&apos;
System info: os.name: &apos;Windows 11&apos;, os.arch: &apos;amd64&apos;, os.version: &apos;10.0&apos;, java.version: &apos;24.0.2&apos;
Driver info: org.openqa.selenium.chrome.ChromeDriver
Command: [bd8b44d8f724bd76c3c3f4a4c6d45afc, getTitle {}]
Capabilities {acceptInsecureCerts: false, browserName: chrome, browserVersion: 141.0.7390.77, chrome: {chromedriverVersion: 141.0.7390.76 (d6fcfbb51aac..., userDataDir: C:\Users\sujit\AppData\Loca...}, fedcm:accounts: true, goog:chromeOptions: {debuggerAddress: localhost:60312}, networkConnectionEnabled: false, pageLoadStrategy: normal, platformName: windows, proxy: Proxy(), se:cdp: ws://localhost:60312/devtoo..., se:cdpVersion: 141.0.7390.77, setWindowRect: true, strictFileInteractability: false, timeouts: {implicit: 0, pageLoad: 300000, script: 30000}, unhandledPromptBehavior: dismiss and notify, webauthn:extension:credBlob: true, webauthn:extension:largeBlob: true, webauthn:extension:minPinLength: true, webauthn:extension:prf: true, webauthn:virtualAuthenticators: true}
Session ID: bd8b44d8f724bd76c3c3f4a4c6d45afc
	at java.base/jdk.internal.reflect.DirectConstructorHandleAccessor.newInstance(DirectConstructorHandleAccessor.java:62)
	at java.base/java.lang.reflect.Constructor.newInstanceWithCaller(Constructor.java:499)
	at java.base/java.lang.reflect.Constructor.newInstance(Constructor.java:483)
	at org.openqa.selenium.remote.ErrorCodec.decode(ErrorCodec.java:167)
	at org.openqa.selenium.remote.codec.w3c.W3CHttpResponseCodec.decode(W3CHttpResponseCodec.java:138)
	at org.openqa.selenium.remote.codec.w3c.W3CHttpResponseCodec.decode(W3CHttpResponseCodec.java:50)
	at org.openqa.selenium.remote.HttpCommandExecutor.execute(HttpCommandExecutor.java:190)
	at org.openqa.selenium.remote.service.DriverCommandExecutor.invokeExecute(DriverCommandExecutor.java:216)
	at org.openqa.selenium.remote.service.DriverCommandExecutor.execute(DriverCommandExecutor.java:174)
	at org.openqa.selenium.remote.RemoteWebDriver.execute(RemoteWebDriver.java:545)
	at org.openqa.selenium.remote.RemoteWebDriver.execute(RemoteWebDriver.java:618)
	at org.openqa.selenium.remote.RemoteWebDriver.execute(RemoteWebDriver.java:622)
	at org.openqa.selenium.remote.RemoteWebDriver.getTitle(RemoteWebDriver.java:318)
	at TESTNG.TESTNG_4_Assertion.titleTest(TESTNG_4_Assertion.java:27)
	at java.base/jdk.internal.reflect.DirectMethodHandleAccessor.invoke(DirectMethodHandleAccessor.java:104)
	at java.base/java.lang.reflect.Method.invoke(Method.java:565)
	at org.testng.internal.invokers.MethodInvocationHelper.invokeMethod(MethodInvocationHelper.java:141)
	at org.testng.internal.invokers.TestInvoker.invokeMethod(TestInvoker.java:686)
	at org.testng.internal.invokers.TestInvoker.invokeTestMethod(TestInvoker.java:230)
	at org.testng.internal.invokers.MethodRunner.runInSequence(MethodRunner.java:63)
	at org.testng.internal.invokers.TestInvoker$MethodInvocationAgent.invoke(TestInvoker.java:992)
	at org.testng.internal.invokers.TestInvoker.invokeTestMethods(TestInvoker.java:203)
	at org.testng.internal.invokers.TestMethodWorker.invokeTestMethods(TestMethodWorker.java:154)
	at org.testng.internal.invokers.TestMethodWorker.run(TestMethodWorker.java:134)
	at java.base/java.util.ArrayList.forEach(ArrayList.java:1604)
	at org.testng.TestRunner.privateRun(TestRunner.java:739)
	at org.testng.TestRunner.run(TestRunner.java:614)
	at org.testng.SuiteRunner.runTest(SuiteRunner.java:421)
	at org.testng.SuiteRunner.runSequentially(SuiteRunner.java:413)
	at org.testng.SuiteRunner.privateRun(SuiteRunner.java:373)
	at org.testng.SuiteRunner.run(SuiteRunner.java:312)
	at org.testng.SuiteRunnerWorker.runSuite(SuiteRunnerWorker.java:52)
	at org.testng.SuiteRunnerWorker.run(SuiteRunnerWorker.java:95)
	at org.testng.TestNG.runSuitesSequentially(TestNG.java:1274)
	at org.testng.TestNG.runSuitesLocally(TestNG.java:1208)
	at org.testng.TestNG.runSuites(TestNG.java:1112)
	at org.testng.TestNG.run(TestNG.java:1079)
	at com.intellij.rt.testng.IDEARemoteTestNG.run(IDEARemoteTestNG.java:65)
	at com.intellij.rt.testng.RemoteTestNGStarter.main(RemoteTestNGStarter.java:105)
</pre></div></td>
<td>3</td>
<td>TESTNG.TESTNG_4_Assertion@6b3e12b5</td></tr>
</table><p>
<table width='100%' border='1' class='invocation-passed'>
<tr><td colspan='4' align='center'><b>PASSED TESTS</b></td></tr>
<tr><td><b>Test method</b></td>
<td><b>Attribute(s)</b></td>
<td width="30%"><b>Exception</b></td>
<td width="10%"><b>Time (seconds)</b></td>
<td><b>Instance</b></td>
</tr>
<tr>
<td title='TESTNG.TESTNG_3_Annotation.test2()'><b>test2</b><br>Test class: TESTNG.TESTNG_3_Annotation</td>
<td></td>
<td>0</td>
<td>TESTNG.TESTNG_3_Annotation@59252cb6</td></tr>
<tr>
<td title='TESTNG.TESTNG_11_DataProvider.test()'><b>test</b><br>Test class: TESTNG.TESTNG_11_DataProvider<br>Parameters: user3, pass3</td>
<td></td>
<td>0</td>
<td>TESTNG.TESTNG_11_DataProvider@4b41e4dd</td></tr>
<tr>
<td title='TESTNG.TESTNG_10_Annotation_child.test3()'><b>test3</b><br>Test class: TESTNG.TESTNG_10_Annotation_child</td>
<td></td>
<td>0</td>
<td>TESTNG.TESTNG_10_Annotation_child@56f0cc85</td></tr>
<tr>
<td title='TESTNG.TESTNG_11_DataProvider.test()'><b>test</b><br>Test class: TESTNG.TESTNG_11_DataProvider<br>Parameters: user4, pass4</td>
<td></td>
<td>0</td>
<td>TESTNG.TESTNG_11_DataProvider@4b41e4dd</td></tr>
<tr>
<td title='TESTNG.TESTNG_18_Report.reporttest2()'><b>reporttest2</b><br>Test class: TESTNG.TESTNG_18_Report</td>
<td></td>
<td>0</td>
<td>TESTNG.TESTNG_18_Report@40844aab</td></tr>
<tr>
<td title='TESTNG.TESTNG_18_Report.reporttest3()'><b>reporttest3</b><br>Test class: TESTNG.TESTNG_18_Report</td>
<td></td>
<td>0</td>
<td>TESTNG.TESTNG_18_Report@40844aab</td></tr>
<tr>
<td title='TESTNG.TESTNG_11_DataProvider.test()'><b>test</b><br>Test class: TESTNG.TESTNG_11_DataProvider<br>Parameters: user2, pass2</td>
<td></td>
<td>0</td>
<td>TESTNG.TESTNG_11_DataProvider@4b41e4dd</td></tr>
<tr>
<td title='TESTNG.TESTNG_11_a_DataProvider.test1()'><b>test1</b><br>Test class: TESTNG.TESTNG_11_a_DataProvider<br>Parameters: username1, password1, test1</td>
<td></td>
<td>0</td>
<td>TESTNG.TESTNG_11_a_DataProvider@74960bfa</td></tr>
<tr>
<td title='TESTNG.TESTNG_9_Annotations.test3()'><b>test3</b><br>Test class: TESTNG.TESTNG_9_Annotations</td>
<td></td>
<td>0</td>
<td>TESTNG.TESTNG_9_Annotations@613a8ee1</td></tr>
<tr>
<td title='TESTNG.TESTNG_18_Report.reporttest4()'><b>reporttest4</b><br>Test class: TESTNG.TESTNG_18_Report</td>
<td></td>
<td>0</td>
<td>TESTNG.TESTNG_18_Report@40844aab</td></tr>
<tr>
<td title='TESTNG.TESTNG_1_BrowserSelect.test()'><b>test</b><br>Test class: TESTNG.TESTNG_1_BrowserSelect</td>
<td></td>
<td>1</td>
<td>TESTNG.TESTNG_1_BrowserSelect@10ded6a9</td></tr>
<tr>
<td title='TESTNG.TESTNG_6_GroupTestCases.logout()'><b>logout</b><br>Test class: TESTNG.TESTNG_6_GroupTestCases</td>
<td></td>
<td>0</td>
<td>TESTNG.TESTNG_6_GroupTestCases@1338fb5</td></tr>
<tr>
<td title='TESTNG.TESTNG_18_Report.reporttest1()'><b>reporttest1</b><br>Test class: TESTNG.TESTNG_18_Report<br/>
<a href="#Output-1193710204" onClick='toggleBox("Output-1193710204", this, "Show output", "Hide output");'>Show output</a>

<a href="#Output-1193710204" onClick="toggleAllBoxes();">Show all outputs</a>
<div class='log' id="Output-1193710204">
This is test 1<br/>
</div>
</td>
<td></td>
<td>0</td>
<td>TESTNG.TESTNG_18_Report@40844aab</td></tr>
<tr>
<td title='TESTNG.TESTNG_3_Annotation.test4()'><b>test4</b><br>Test class: TESTNG.TESTNG_3_Annotation</td>
<td></td>
<td>0</td>
<td>TESTNG.TESTNG_3_Annotation@59252cb6</td></tr>
<tr>
<td title='TESTNG.TESTNG_11_a_DataProvider.test1()'><b>test1</b><br>Test class: TESTNG.TESTNG_11_a_DataProvider<br>Parameters: username2, password2, test2</td>
<td></td>
<td>0</td>
<td>TESTNG.TESTNG_11_a_DataProvider@74960bfa</td></tr>
<tr>
<td title='TESTNG.TESTNG_11_a_DataProvider.test1()'><b>test1</b><br>Test class: TESTNG.TESTNG_11_a_DataProvider<br>Parameters: username0, password0, test0</td>
<td></td>
<td>0</td>
<td>TESTNG.TESTNG_11_a_DataProvider@74960bfa</td></tr>
<tr>
<td title='TESTNG.TESTNG_6_GroupTestCases.browser()'><b>browser</b><br>Test class: TESTNG.TESTNG_6_GroupTestCases<br>Test method: choose your browser</td>
<td></td>
<td>0</td>
<td>TESTNG.TESTNG_6_GroupTestCases@1338fb5</td></tr>
<tr>
<td title='TESTNG.TESTNG_9_Annotations.test4()'><b>test4</b><br>Test class: TESTNG.TESTNG_9_Annotations</td>
<td></td>
<td>0</td>
<td>TESTNG.TESTNG_9_Annotations@613a8ee1</td></tr>
<tr>
<td title='TESTNG.TESTNG_11_a_DataProvider.test1()'><b>test1</b><br>Test class: TESTNG.TESTNG_11_a_DataProvider<br>Parameters: username3, password3, test3</td>
<td></td>
<td>0</td>
<td>TESTNG.TESTNG_11_a_DataProvider@74960bfa</td></tr>
<tr>
<td title='TESTNG.TESTNG_6_GroupTestCases.signup()'><b>signup</b><br>Test class: TESTNG.TESTNG_6_GroupTestCases</td>
<td></td>
<td>0</td>
<td>TESTNG.TESTNG_6_GroupTestCases@1338fb5</td></tr>
<tr>
<td title='TESTNG.TESTNG_3_Annotation.test3()'><b>test3</b><br>Test class: TESTNG.TESTNG_3_Annotation</td>
<td></td>
<td>0</td>
<td>TESTNG.TESTNG_3_Annotation@59252cb6</td></tr>
<tr>
<td title='TESTNG.TESTNG_6_GroupTestCases.login()'><b>login</b><br>Test class: TESTNG.TESTNG_6_GroupTestCases</td>
<td></td>
<td>0</td>
<td>TESTNG.TESTNG_6_GroupTestCases@1338fb5</td></tr>
<tr>
<td title='TESTNG.TESTNG_11_DataProvider.test()'><b>test</b><br>Test class: TESTNG.TESTNG_11_DataProvider<br>Parameters: user1, pass1</td>
<td></td>
<td>0</td>
<td>TESTNG.TESTNG_11_DataProvider@4b41e4dd</td></tr>
<tr>
<td title='TESTNG.TESTNG_2_Login.loginTest()'><b>loginTest</b><br>Test class: TESTNG.TESTNG_2_Login<br>Test method: This is first test</td>
<td></td>
<td>0</td>
<td>TESTNG.TESTNG_2_Login@4a194c39</td></tr>
<tr>
<td title='TESTNG.TESTNG_2_Login.logout()'><b>logout</b><br>Test class: TESTNG.TESTNG_2_Login<br>Test method: This is second test</td>
<td></td>
<td>0</td>
<td>TESTNG.TESTNG_2_Login@4a194c39</td></tr>
<tr>
<td title='TESTNG.TESTNG_3_Annotation.test1()'><b>test1</b><br>Test class: TESTNG.TESTNG_3_Annotation</td>
<td></td>
<td>0</td>
<td>TESTNG.TESTNG_3_Annotation@59252cb6</td></tr>
<tr>
<td title='TESTNG.TESTNG_10_Annotation_child.test4()'><b>test4</b><br>Test class: TESTNG.TESTNG_10_Annotation_child</td>
<td></td>
<td>0</td>
<td>TESTNG.TESTNG_10_Annotation_child@56f0cc85</td></tr>
<tr>
<td title='TESTNG.TESTNG_4_Assertion.gettitle()'><b>gettitle</b><br>Test class: TESTNG.TESTNG_4_Assertion</td>
<td></td>
<td>4</td>
<td>TESTNG.TESTNG_4_Assertion@6b3e12b5</td></tr>
</table><p>
</body>
</html>